2025-10-01 13:38:28,884 DEBUG    root            Loaded Command Group: ['gcloud', 'components']
2025-10-01 13:38:28,915 DEBUG    root            Loaded Command Group: ['gcloud', 'components', 'update']
2025-10-01 13:38:28,917 DEBUG    root            Running [gcloud.components.update] with arguments: [--quiet: "True", COMPONENT-IDS:8: "['gcloud', 'core', 'bq', 'gsutil', 'compute', 'preview', 'alpha', 'beta']"]
2025-10-01 13:38:28,919 INFO     ___FILE_ONLY___ Beginning update. This process may take several minutes.

2025-10-01 13:38:28,928 DEBUG    urllib3.connectionpool Starting new HTTPS connection (1): dl.google.com:443
2025-10-01 13:38:30,060 DEBUG    urllib3.connectionpool https://dl.google.com:443 "GET /dl/cloudsdk/channels/rapid/components-2.json HTTP/11" 200 233157
2025-10-01 13:38:30,072 WARNING  root            Component [compute] no longer exists.
2025-10-01 13:38:30,073 INFO     ___FILE_ONLY___ 

2025-10-01 13:38:30,073 INFO     ___FILE_ONLY___ 
Your current Google Cloud CLI version is: 541.0.0

2025-10-01 13:38:30,073 INFO     ___FILE_ONLY___ Installing components from version: 541.0.0

2025-10-01 13:38:30,073 INFO     ___FILE_ONLY___ 

2025-10-01 13:38:30,074 DEBUG    root            Chosen display Format:table[box,title="These components will be removed."](details.display_name:label=Name:align=left,version.version_string:label=Version:align=right,data.size.size(zero="",min=1048576):label=Size:align=right)
2025-10-01 13:38:30,074 DEBUG    root            Chosen display Format:table[box,title="These components will be updated."](details.display_name:label=Name:align=left,version.version_string:label=Version:align=right,data.size.size(zero="",min=1048576):label=Size:align=right)
2025-10-01 13:38:30,075 DEBUG    root            Chosen display Format:table[box,title="These components will be installed."](details.display_name:label=Name:align=left,version.version_string:label=Version:align=right,data.size.size(zero="",min=1048576):label=Size:align=right)
2025-10-01 13:38:30,092 INFO     ___FILE_ONLY___ ┌────────────────────────────────────────────────┐
2025-10-01 13:38:30,092 INFO     ___FILE_ONLY___ 

2025-10-01 13:38:30,092 INFO     ___FILE_ONLY___ │      These components will be installed.       │
2025-10-01 13:38:30,092 INFO     ___FILE_ONLY___ 

2025-10-01 13:38:30,092 INFO     ___FILE_ONLY___ ├─────────────────────────┬────────────┬─────────┤
2025-10-01 13:38:30,092 INFO     ___FILE_ONLY___ 

2025-10-01 13:38:30,092 INFO     ___FILE_ONLY___ │           Name          │  Version   │   Size  │
2025-10-01 13:38:30,092 INFO     ___FILE_ONLY___ 

2025-10-01 13:38:30,092 INFO     ___FILE_ONLY___ ├─────────────────────────┼────────────┼─────────┤
2025-10-01 13:38:30,093 INFO     ___FILE_ONLY___ 

2025-10-01 13:38:30,093 INFO     ___FILE_ONLY___ │ 
2025-10-01 13:38:30,093 INFO     ___FILE_ONLY___ gcloud Alpha Commands  
2025-10-01 13:38:30,093 INFO     ___FILE_ONLY___  
2025-10-01 13:38:30,093 INFO     ___FILE_ONLY___ │ 
2025-10-01 13:38:30,093 INFO     ___FILE_ONLY___ 2025.09.29
2025-10-01 13:38:30,093 INFO     ___FILE_ONLY___  
2025-10-01 13:38:30,093 INFO     ___FILE_ONLY___ │ 
2025-10-01 13:38:30,094 INFO     ___FILE_ONLY___ < 1 MiB
2025-10-01 13:38:30,094 INFO     ___FILE_ONLY___  
2025-10-01 13:38:30,094 INFO     ___FILE_ONLY___ │
2025-10-01 13:38:30,094 INFO     ___FILE_ONLY___ 

2025-10-01 13:38:30,094 INFO     ___FILE_ONLY___ │ 
2025-10-01 13:38:30,094 INFO     ___FILE_ONLY___ gcloud Beta Commands   
2025-10-01 13:38:30,094 INFO     ___FILE_ONLY___  
2025-10-01 13:38:30,094 INFO     ___FILE_ONLY___ │ 
2025-10-01 13:38:30,095 INFO     ___FILE_ONLY___ 2025.09.29
2025-10-01 13:38:30,095 INFO     ___FILE_ONLY___  
2025-10-01 13:38:30,095 INFO     ___FILE_ONLY___ │ 
2025-10-01 13:38:30,095 INFO     ___FILE_ONLY___ < 1 MiB
2025-10-01 13:38:30,095 INFO     ___FILE_ONLY___  
2025-10-01 13:38:30,095 INFO     ___FILE_ONLY___ │
2025-10-01 13:38:30,095 INFO     ___FILE_ONLY___ 

2025-10-01 13:38:30,095 INFO     ___FILE_ONLY___ │ 
2025-10-01 13:38:30,095 INFO     ___FILE_ONLY___ gcloud Preview Commands
2025-10-01 13:38:30,095 INFO     ___FILE_ONLY___  
2025-10-01 13:38:30,096 INFO     ___FILE_ONLY___ │ 
2025-10-01 13:38:30,096 INFO     ___FILE_ONLY___           
2025-10-01 13:38:30,096 INFO     ___FILE_ONLY___  
2025-10-01 13:38:30,096 INFO     ___FILE_ONLY___ │ 
2025-10-01 13:38:30,096 INFO     ___FILE_ONLY___ < 1 MiB
2025-10-01 13:38:30,096 INFO     ___FILE_ONLY___  
2025-10-01 13:38:30,096 INFO     ___FILE_ONLY___ │
2025-10-01 13:38:30,096 INFO     ___FILE_ONLY___ 

2025-10-01 13:38:30,096 INFO     ___FILE_ONLY___ └─────────────────────────┴────────────┴─────────┘
2025-10-01 13:38:30,096 INFO     ___FILE_ONLY___ 

2025-10-01 13:38:30,096 INFO     ___FILE_ONLY___ 

2025-10-01 13:38:30,099 DEBUG    urllib3.connectionpool Starting new HTTPS connection (1): dl.google.com:443
2025-10-01 13:38:31,225 DEBUG    urllib3.connectionpool https://dl.google.com:443 "GET /dl/cloudsdk/channels/rapid/RELEASE_NOTES HTTP/11" 200 1492432
2025-10-01 13:38:31,732 INFO     ___FILE_ONLY___ For the latest full release notes, please visit:
  https://cloud.google.com/sdk/release_notes


2025-10-01 13:38:31,733 INFO     ___FILE_ONLY___ Performing in place update...


2025-10-01 13:38:31,735 INFO     ___FILE_ONLY___ ╔════════════════════════════════════════════════════════════╗

2025-10-01 13:38:31,735 INFO     ___FILE_ONLY___ ╠═ Downloading: gcloud Alpha Commands                       ═╣

2025-10-01 13:38:31,736 INFO     ___FILE_ONLY___ ╚
2025-10-01 13:38:31,738 DEBUG    urllib3.connectionpool Starting new HTTPS connection (1): dl.google.com:443
2025-10-01 13:38:31,931 DEBUG    urllib3.connectionpool https://dl.google.com:443 "GET /dl/cloudsdk/channels/rapid/components/google-cloud-sdk-alpha-20250929142209.tar.gz HTTP/11" 200 800
2025-10-01 13:38:31,932 INFO     ___FILE_ONLY___ ════════════════════════════════════════════════════════════
2025-10-01 13:38:31,932 INFO     ___FILE_ONLY___ ╝

2025-10-01 13:38:31,935 INFO     ___FILE_ONLY___ ╔════════════════════════════════════════════════════════════╗

2025-10-01 13:38:31,935 INFO     ___FILE_ONLY___ ╠═ Downloading: gcloud Beta Commands                        ═╣

2025-10-01 13:38:31,935 INFO     ___FILE_ONLY___ ╚
2025-10-01 13:38:31,938 DEBUG    urllib3.connectionpool Starting new HTTPS connection (1): dl.google.com:443
2025-10-01 13:38:33,013 DEBUG    urllib3.connectionpool https://dl.google.com:443 "GET /dl/cloudsdk/channels/rapid/components/google-cloud-sdk-beta-20250929142209.tar.gz HTTP/11" 200 797
2025-10-01 13:38:33,013 INFO     ___FILE_ONLY___ ════════════════════════════════════════════════════════════
2025-10-01 13:38:33,013 INFO     ___FILE_ONLY___ ╝

2025-10-01 13:38:33,016 INFO     ___FILE_ONLY___ ╔════════════════════════════════════════════════════════════╗

2025-10-01 13:38:33,016 INFO     ___FILE_ONLY___ ╠═ Downloading: gcloud Preview Commands                     ═╣

2025-10-01 13:38:33,016 INFO     ___FILE_ONLY___ ╚
2025-10-01 13:38:33,019 DEBUG    urllib3.connectionpool Starting new HTTPS connection (1): dl.google.com:443
2025-10-01 13:38:34,379 DEBUG    urllib3.connectionpool https://dl.google.com:443 "GET /dl/cloudsdk/channels/rapid/components/google-cloud-sdk-preview-20241115154308.tar.gz HTTP/11" 200 823
2025-10-01 13:38:34,380 INFO     ___FILE_ONLY___ ════════════════════════════════════════════════════════════
2025-10-01 13:38:34,380 INFO     ___FILE_ONLY___ ╝

2025-10-01 13:38:34,382 INFO     ___FILE_ONLY___ ╔════════════════════════════════════════════════════════════╗

2025-10-01 13:38:34,382 INFO     ___FILE_ONLY___ ╠═ Installing: gcloud Alpha Commands                        ═╣

2025-10-01 13:38:34,382 INFO     ___FILE_ONLY___ ╚
2025-10-01 13:38:34,383 INFO     ___FILE_ONLY___ ════════════════════════════════════════════════════════════
2025-10-01 13:38:34,383 INFO     ___FILE_ONLY___ ╝

2025-10-01 13:38:34,389 INFO     ___FILE_ONLY___ ╔════════════════════════════════════════════════════════════╗

2025-10-01 13:38:34,389 INFO     ___FILE_ONLY___ ╠═ Installing: gcloud Beta Commands                         ═╣

2025-10-01 13:38:34,389 INFO     ___FILE_ONLY___ ╚
2025-10-01 13:38:34,390 INFO     ___FILE_ONLY___ ════════════════════════════════════════════════════════════
2025-10-01 13:38:34,390 INFO     ___FILE_ONLY___ ╝

2025-10-01 13:38:34,395 INFO     ___FILE_ONLY___ ╔════════════════════════════════════════════════════════════╗

2025-10-01 13:38:34,395 INFO     ___FILE_ONLY___ ╠═ Installing: gcloud Preview Commands                      ═╣

2025-10-01 13:38:34,395 INFO     ___FILE_ONLY___ ╚
2025-10-01 13:38:34,396 INFO     ___FILE_ONLY___ ════════════════════════════════════════════════════════════
2025-10-01 13:38:34,396 INFO     ___FILE_ONLY___ ╝

2025-10-01 13:38:34,401 DEBUG    root            Updating notification cache...
2025-10-01 13:38:34,402 INFO     ___FILE_ONLY___ 

2025-10-01 13:38:34,404 INFO     ___FILE_ONLY___ Performing post processing steps...
2025-10-01 13:38:34,404 DEBUG    root            Executing command: ['/tools/google-cloud-sdk/bin/gcloud', 'components', 'post-process']
2025-10-01 13:38:45,053 DEBUG    ___FILE_ONLY___ 
2025-10-01 13:38:45,053 DEBUG    ___FILE_ONLY___ 
2025-10-01 13:38:45,173 INFO     root            descriptor_list: [{'universeDomain': 'googleapis.com', 'universeShortName': '', 'authenticationDomain': 'auth.cloud.google.com', 'projectPrefix': '', 'cloudWebDomain': 'cloud.google.com', 'documentationDomain': 'cloud.google.com', 'version': '1.0.0', 'state': 'primary', 'artifactRegistryDomain': 'pkg.dev'}]
2025-10-01 13:38:45,173 INFO     ___FILE_ONLY___ 
Update done!


2025-10-01 13:38:45,176 DEBUG    root            Chosen display Format:none
2025-10-01 13:38:45,176 INFO     root            Display format: "none"
